Session started: 7/5/20 12:48
Loaded: /home/andres/Tesis/ProyectoIntegrador_FCEFyN/Redes_de_Petri/POPN/popn.andl
 Charlie (v2.0-b212-r8932) - popn.andl

Analyzer has finished: Structural Analyzer
starts analysis with following options:
charlie.analyzer.structural.StructuralOptionSet

number of places: 26
number of transitions: 20
number of arcs: 73

input places:
no input places
output places:
no output places
input transitions:
no input transitions
output transitions:
no output transitions

Structural coupled conflict sets: 

1	|0._T_0_	:1
2	|1._T_1_	:1,
	|10._T_10_	:1
3	|2._T_2_	:1,
	|6._T_6_	:1,
	|12._T_12_	:1
4	|3._T_3_	:1,
	|7._T_7_	:1,
	|16._T_16_	:1,
	|18._T_18_	:1
5	|4._T_4_	:1,
	|8._T_8_	:1
6	|5._T_5_	:1,
	|9._T_9_	:1,
	|15._T_15_	:1
7	|11._T_11_	:1
8	|13._T_13_	:1
9	|14._T_14_	:1,
	|17._T_17_	:1
10	|19._T_19_	:1
 
Structural equal conflict sets: 

1	|0._T_0_	:1
2	|1._T_1_	:1
3	|10._T_10_	:1
4	|2._T_2_	:1
5	|6._T_6_	:1
6	|12._T_12_	:1
7	|3._T_3_	:1
8	|7._T_7_	:1
9	|16._T_16_	:1
10	|18._T_18_	:1
11	|4._T_4_	:1
12	|8._T_8_	:1
13	|5._T_5_	:1
14	|9._T_9_	:1
15	|15._T_15_	:1
16	|11._T_11_	:1
17	|13._T_13_	:1
18	|14._T_14_	:1
19	|17._T_17_	:1
20	|19._T_19_	:1
 
time:  0 m 0 s


Structural Analysis Results:
  PUR   ORD   HOM   NBM   CSV   SCF   FT0   TF0   FP0   PF0   CON   SC    NC  
   Y     Y     Y     Y     N     N     Y     Y     Y     Y     Y     Y    nES 
 RKTH   STP   CPI   CTI  SCTI    SB   k-B   1-B   DCF   DSt   DTr   LIV   REV 
   -     -     -     -     -     -     -     -     -     -     -     -     -  
  SSI   RNK  SCCS  SEQS 
   -     -     10    20 

AppliedResults output:


Applying rule:
SC => CON

  PUR   ORD   HOM   NBM   CSV   SCF   FT0   TF0   FP0   PF0   CON   SC    NC  
   -     -     -     -     -     -     -     -     -     -     Y     -     -  
 RKTH   STP   CPI   CTI  SCTI    SB   k-B   1-B   DCF   DSt   DTr   LIV   REV 
   -     -     -     -     -     -     -     -     -     -     -     -     -  
  SSI   RNK  SCCS  SEQS 
   -     -     -     -  

loading popn
loading popn
loading popn
place _P_0_ = 1
place _P_1_ = 0
place _P_2_ = 0
place _P_3_ = 0
place _P_4_ = 0
place _P_5_ = 0
place _P_6_ = 1
place _P_7_ = 1
place _P_8_ = 1
place _P_9_ = 1
place _P_10_ = 0
place _P_11_ = 0
place _P_12_ = 0
place _P_13_ = 0
place _P_14_ = 1
place _P_15_ = 0
place _P_16_ = 1
place _P_17_ = 0
place _P_18_ = 0
place _P_19_ = 0
place _P_20_ = 1
place _P_21_ = 1
place _P_22_ = 0
place _P_23_ = 0
place _P_24_ = 0
place _P_25_ = 1
Analyzer has finished: Structural Analyzer
starts analysis with following options:
charlie.analyzer.structural.StructuralOptionSet

number of places: 26
number of transitions: 20
number of arcs: 73

input places:
no input places
output places:
no output places
input transitions:
no input transitions
output transitions:
no output transitions

Structural coupled conflict sets: 

1	|0._T_0_	:1
2	|1._T_1_	:1,
	|10._T_10_	:1
3	|2._T_2_	:1,
	|6._T_6_	:1,
	|12._T_12_	:1
4	|3._T_3_	:1,
	|7._T_7_	:1,
	|16._T_16_	:1,
	|18._T_18_	:1
5	|4._T_4_	:1,
	|8._T_8_	:1
6	|5._T_5_	:1,
	|9._T_9_	:1,
	|15._T_15_	:1
7	|11._T_11_	:1
8	|13._T_13_	:1
9	|14._T_14_	:1,
	|17._T_17_	:1
10	|19._T_19_	:1
 
Structural equal conflict sets: 

1	|0._T_0_	:1
2	|1._T_1_	:1
3	|10._T_10_	:1
4	|2._T_2_	:1
5	|6._T_6_	:1
6	|12._T_12_	:1
7	|3._T_3_	:1
8	|7._T_7_	:1
9	|16._T_16_	:1
10	|18._T_18_	:1
11	|4._T_4_	:1
12	|8._T_8_	:1
13	|5._T_5_	:1
14	|9._T_9_	:1
15	|15._T_15_	:1
16	|11._T_11_	:1
17	|13._T_13_	:1
18	|14._T_14_	:1
19	|17._T_17_	:1
20	|19._T_19_	:1
 
time:  0 m 0 s


Structural Analysis Results:
  PUR   ORD   HOM   NBM   CSV   SCF   FT0   TF0   FP0   PF0   CON   SC    NC  
   Y     Y     Y     Y     N     N     Y     Y     Y     Y     Y     Y    nES 
 RKTH   STP   CPI   CTI  SCTI    SB   k-B   1-B   DCF   DSt   DTr   LIV   REV 
   -     -     -     -     -     -     -     -     -     -     -     -     -  
  SSI   RNK  SCCS  SEQS 
   -     -     10    20 

AppliedResults output:


Applying rule:
SC => CON

  PUR   ORD   HOM   NBM   CSV   SCF   FT0   TF0   FP0   PF0   CON   SC    NC  
   -     -     -     -     -     -     -     -     -     -     Y     -     -  
 RKTH   STP   CPI   CTI  SCTI    SB   k-B   1-B   DCF   DSt   DTr   LIV   REV 
   -     -     -     -     -     -     -     -     -     -     -     -     -  
  SSI   RNK  SCCS  SEQS 
   -     -     -     -  

Analyzer has finished: Siphon Analyzer
Analyzer: Siphon Analyzer
start time: 7/5/20 12:50
starts analysis with following options:
siphon options
Siphon Analyzer:
 computing siphons

STP is not valid
 counter examples:
    siphon:
	|0._P_0_	:1,
	|1._P_1_	:1,
	|2._P_2_	:1,
	|3._P_3_	:1,
	|4._P_4_	:1,
	|8._P_8_	:1,
	|9._P_9_	:1,
	|15._P_15_	:1
	is a bad siphon
2 siphons computed 740:00:00:004
time: 740:00:00:005


Analyzer has finished: RGraph Simple Construction
Analyzer: RGraph Simple Construction
start time: 7/5/20 12:50
starts analysis with following options:
used construction options:
firing rule: single
boundedness check: yes
maximal construction depth: none
reduction: none
initial marking:(_P_0_ | _P_6_ | _P_7_ | _P_8_ | _P_9_ | _P_14_ | _P_16_ | _P_20_ | _P_21_ | _P_25_)
reachability graph analyzer:
computing rechability graph using simple  firing rule
-- coverability graph constructed in 740:00:00:388--
used construction options:
firing rule: single
boundedness check: yes
maximal construction depth: none
reduction: none
initial marking:(_P_0_ | _P_6_ | _P_7_ | _P_8_ | _P_9_ | _P_14_ | _P_16_ | _P_20_ | _P_21_ | _P_25_)
states: 643
bound: 2147483647
edges: 1751
#scc: 97
#terminal scc: 8
time: 740:00:00:406


AppliedResults output:


Applying rule:
!k-B => !SB


Applying rule:
!k-B => !1-B


Applying rule:
!SB => !CPI

  PUR   ORD   HOM   NBM   CSV   SCF   FT0   TF0   FP0   PF0   CON   SC    NC  
   -     -     -     -     -     -     -     -     -     -     -     -     -  
 RKTH   STP   CPI   CTI  SCTI    SB   k-B   1-B   DCF   DSt   DTr   LIV   REV 
   -     -     N     -     -     N     -     N     -     -     -     -     -  
  SSI   RNK  SCCS  SEQS 
   -     -     -     -  

---------------FINAL RESULTS----------------------

  PUR   ORD   HOM   NBM   CSV   SCF   FT0   TF0   FP0   PF0   CON   SC    NC  
   Y     Y     Y     Y     N     N     Y     Y     Y     Y     Y     Y    nES 
 RKTH   STP   CPI   CTI  SCTI    SB   k-B   1-B   DCF   DSt   DTr   LIV   REV 
   -     N     N     -     -     N     N     N     -     -     -     -     -  
  SSI   RNK  SCCS  SEQS 
   Y     -     10    20 
--------------------------------------------------
Session finished: 7/5/20 12:50
