Session started: 7/5/20 12:48
Loaded: /home/andres/Tesis/ProyectoIntegrador_FCEFyN/Redes_de_Petri/POPN/popn.andl
 Charlie (v2.0-b212-r8932) - popn.andl

Analyzer has finished: Structural Analyzer
starts analysis with following options:
charlie.analyzer.structural.StructuralOptionSet

number of places: 26
number of transitions: 20
number of arcs: 73

input places:
no input places
output places:
no output places
input transitions:
no input transitions
output transitions:
no output transitions

Structural coupled conflict sets: 

1	|0._T_0_	:1
2	|1._T_1_	:1,
	|10._T_10_	:1
3	|2._T_2_	:1,
	|6._T_6_	:1,
	|12._T_12_	:1
4	|3._T_3_	:1,
	|7._T_7_	:1,
	|16._T_16_	:1,
	|18._T_18_	:1
5	|4._T_4_	:1,
	|8._T_8_	:1
6	|5._T_5_	:1,
	|9._T_9_	:1,
	|15._T_15_	:1
7	|11._T_11_	:1
8	|13._T_13_	:1
9	|14._T_14_	:1,
	|17._T_17_	:1
10	|19._T_19_	:1
 
Structural equal conflict sets: 

1	|0._T_0_	:1
2	|1._T_1_	:1
3	|10._T_10_	:1
4	|2._T_2_	:1
5	|6._T_6_	:1
6	|12._T_12_	:1
7	|3._T_3_	:1
8	|7._T_7_	:1
9	|16._T_16_	:1
10	|18._T_18_	:1
11	|4._T_4_	:1
12	|8._T_8_	:1
13	|5._T_5_	:1
14	|9._T_9_	:1
15	|15._T_15_	:1
16	|11._T_11_	:1
17	|13._T_13_	:1
18	|14._T_14_	:1
19	|17._T_17_	:1
20	|19._T_19_	:1
 
time:  0 m 0 s


Structural Analysis Results:
  PUR   ORD   HOM   NBM   CSV   SCF   FT0   TF0   FP0   PF0   CON   SC    NC  
   Y     Y     Y     Y     N     N     Y     Y     Y     Y     Y     Y    nES 
 RKTH   STP   CPI   CTI  SCTI    SB   k-B   1-B   DCF   DSt   DTr   LIV   REV 
   -     -     -     -     -     -     -     -     -     -     -     -     -  
  SSI   RNK  SCCS  SEQS 
   -     -     10    20 

AppliedResults output:


Applying rule:
SC => CON

  PUR   ORD   HOM   NBM   CSV   SCF   FT0   TF0   FP0   PF0   CON   SC    NC  
   -     -     -     -     -     -     -     -     -     -     Y     -     -  
 RKTH   STP   CPI   CTI  SCTI    SB   k-B   1-B   DCF   DSt   DTr   LIV   REV 
   -     -     -     -     -     -     -     -     -     -     -     -     -  
  SSI   RNK  SCCS  SEQS 
   -     -     -     -  

---------------FINAL RESULTS----------------------

  PUR   ORD   HOM   NBM   CSV   SCF   FT0   TF0   FP0   PF0   CON   SC    NC  
   Y     Y     Y     Y     N     N     Y     Y     Y     Y     Y     Y    nES 
 RKTH   STP   CPI   CTI  SCTI    SB   k-B   1-B   DCF   DSt   DTr   LIV   REV 
   -     -     -     -     -     -     -     -     -     -     -     -     -  
  SSI   RNK  SCCS  SEQS 
   -     -     10    20 
--------------------------------------------------
Session finished: 7/5/20 12:48
